0 verbose cli [
0 verbose cli   '/usr/local/nvm/versions/node/v12.14.1/bin/node',
0 verbose cli   '/usr/local/nvm/versions/node/v12.14.1/bin/npm',
0 verbose cli   'install'
0 verbose cli ]
1 info using npm@8.5.5
2 info using node@v12.14.1
3 timing npm:load:whichnode Completed in 0ms
4 timing config:load:defaults Completed in 2ms
5 timing config:load:file:/usr/local/nvm/versions/node/v12.14.1/lib/node_modules/npm/npmrc Completed in 8ms
6 timing config:load:builtin Completed in 9ms
7 timing config:load:cli Completed in 2ms
8 timing config:load:env Completed in 1ms
9 timing config:load:file:/home/user222/sample-Firestore/internal/.npmrc Completed in 0ms
10 timing config:load:project Completed in 2ms
11 timing config:load:file:/home/user222/.npmrc Completed in 0ms
12 timing config:load:user Completed in 0ms
13 timing config:load:file:/usr/local/nvm/versions/node/v12.14.1/etc/npmrc Completed in 0ms
14 timing config:load:global Completed in 1ms
15 timing config:load:validate Completed in 0ms
16 timing config:load:credentials Completed in 2ms
17 timing config:load:setEnvs Completed in 1ms
18 timing config:load Completed in 21ms
19 timing npm:load:configload Completed in 21ms
20 timing npm:load:setTitle Completed in 1ms
21 timing config:load:flatten Completed in 4ms
22 timing npm:load:display Completed in 6ms
23 verbose logfile /home/user222/.npm/_logs/2022-03-24T01_53_16_321Z-debug-0.log
24 timing npm:load:logFile Completed in 6ms
25 timing npm:load:timers Completed in 0ms
26 timing npm:load:configScope Completed in 0ms
27 timing npm:load Completed in 36ms
28 timing arborist:ctor Completed in 2ms
29 timing idealTree:init Completed in 278ms
30 timing idealTree:userRequests Completed in 0ms
31 silly idealTree buildDeps
32 timing idealTree:#root Completed in 0ms
33 timing idealTree:buildDeps Completed in 2ms
34 timing idealTree:fixDepFlags Completed in 0ms
35 timing idealTree Completed in 288ms
36 timing arborist:ctor Completed in 0ms
37 timing reify:loadTrees Completed in 493ms
38 timing reify:diffTrees Completed in 12ms
39 silly reify moves {}
40 timing reify:retireShallow Completed in 0ms
41 timing reify:createSparse Completed in 4ms
42 timing reify:loadBundles Completed in 0ms
43 silly audit bulk request {
43 silly audit   '@ampproject/remapping': [ '2.1.2' ],
43 silly audit   '@babel/code-frame': [ '7.16.7' ],
43 silly audit   '@babel/compat-data': [ '7.17.0' ],
43 silly audit   '@babel/core': [ '7.17.5' ],
43 silly audit   debug: [ '4.3.3', '4.3.1', '2.6.9', '3.2.6' ],
43 silly audit   ms: [ '2.1.2', '2.1.3', '2.0.0', '2.1.1' ],
43 silly audit   '@babel/generator': [ '7.17.3' ],
43 silly audit   '@babel/helper-compilation-targets': [ '7.16.7' ],
43 silly audit   '@babel/helper-environment-visitor': [ '7.16.7' ],
43 silly audit   '@babel/helper-function-name': [ '7.16.7' ],
43 silly audit   '@babel/helper-get-function-arity': [ '7.16.7' ],
43 silly audit   '@babel/helper-hoist-variables': [ '7.16.7' ],
43 silly audit   '@babel/helper-module-imports': [ '7.16.7' ],
43 silly audit   '@babel/helper-module-transforms': [ '7.17.6' ],
43 silly audit   '@babel/helper-simple-access': [ '7.16.7' ],
43 silly audit   '@babel/helper-split-export-declaration': [ '7.16.7' ],
43 silly audit   '@babel/helper-validator-identifier': [ '7.16.7' ],
43 silly audit   '@babel/helper-validator-option': [ '7.16.7' ],
43 silly audit   '@babel/helpers': [ '7.17.2' ],
43 silly audit   '@babel/highlight': [ '7.16.10' ],
43 silly audit   'ansi-styles': [ '3.2.1', '4.3.0' ],
43 silly audit   chalk: [ '2.4.2', '4.1.2' ],
43 silly audit   'color-convert': [ '1.9.3', '2.0.1' ],
43 silly audit   'color-name': [ '1.1.3', '1.1.4' ],
43 silly audit   'escape-string-regexp': [ '1.0.5', '4.0.0' ],
43 silly audit   'has-flag': [ '3.0.0', '4.0.0' ],
43 silly audit   'supports-color': [ '5.5.0', '7.2.0', '8.1.1' ],
43 silly audit   '@babel/parser': [ '7.17.3' ],
43 silly audit   '@babel/template': [ '7.16.7' ],
43 silly audit   '@babel/traverse': [ '7.17.3' ],
43 silly audit   '@babel/types': [ '7.17.0' ],
43 silly audit   '@google-cloud/firestore': [ '4.8.1' ],
43 silly audit   '@grpc/grpc-js': [ '1.2.3' ],
43 silly audit   '@grpc/proto-loader': [ '0.5.5' ],
43 silly audit   '@istanbuljs/load-nyc-config': [ '1.1.0' ],
43 silly audit   argparse: [ '1.0.10', '2.0.1' ],
43 silly audit   'find-up': [ '4.1.0', '5.0.0' ],
43 silly audit   'js-yaml': [ '3.14.1', '4.1.0' ],
43 silly audit   'locate-path': [ '5.0.0', '6.0.0' ],
43 silly audit   'p-limit': [ '2.3.0', '3.1.0' ],
43 silly audit   'p-locate': [ '4.1.0', '5.0.0' ],
43 silly audit   '@istanbuljs/schema': [ '0.1.3' ],
43 silly audit   '@jridgewell/resolve-uri': [ '3.0.5' ],
43 silly audit   '@jridgewell/sourcemap-codec': [ '1.4.11' ],
43 silly audit   '@jridgewell/trace-mapping': [ '0.3.4' ],
43 silly audit   '@protobufjs/aspromise': [ '1.1.2' ],
43 silly audit   '@protobufjs/base64': [ '1.1.2' ],
43 silly audit   '@protobufjs/codegen': [ '2.0.4' ],
43 silly audit   '@protobufjs/eventemitter': [ '1.1.0' ],
43 silly audit   '@protobufjs/fetch': [ '1.1.0' ],
43 silly audit   '@protobufjs/float': [ '1.0.2' ],
43 silly audit   '@protobufjs/inquire': [ '1.1.0' ],
43 silly audit   '@protobufjs/path': [ '1.1.2' ],
43 silly audit   '@protobufjs/pool': [ '1.1.0' ],
43 silly audit   '@protobufjs/utf8': [ '1.1.0' ],
43 silly audit   '@types/long': [ '4.0.1' ],
43 silly audit   '@types/node': [ '12.19.12', '13.13.39' ],
43 silly audit   '@ungap/promise-all-settled': [ '1.1.2' ],
43 silly audit   'abort-controller': [ '3.0.0' ],
43 silly audit   accepts: [ '1.3.7' ],
43 silly audit   'agent-base': [ '6.0.2' ],
43 silly audit   'aggregate-error': [ '3.1.0' ],
43 silly audit   'ansi-colors': [ '4.1.1' ],
43 silly audit   'ansi-regex': [ '5.0.1' ],
43 silly audit   anymatch: [ '3.1.2' ],
43 silly audit   'append-transform': [ '2.0.0' ],
43 silly audit   archy: [ '1.0.0' ],
43 silly audit   'array-flatten': [ '1.1.1' ],
43 silly audit   arrify: [ '2.0.1' ],
43 silly audit   'assertion-error': [ '1.1.0' ],
43 silly audit   asynckit: [ '0.4.0' ],
43 silly audit   'balanced-match': [ '1.0.0' ],
43 silly audit   'base64-js': [ '1.5.1' ],
43 silly audit   'bignumber.js': [ '9.0.1' ],
43 silly audit   'binary-extensions': [ '2.2.0' ],
43 silly audit   'body-parser': [ '1.19.0' ],
43 silly audit   'brace-expansion': [ '1.1.11' ],
43 silly audit   braces: [ '3.0.2' ],
43 silly audit   'browser-stdout': [ '1.3.1' ],
43 silly audit   browserslist: [ '4.19.3' ],
43 silly audit   'buffer-equal-constant-time': [ '1.0.1' ],
43 silly audit   bytes: [ '3.1.0' ],
43 silly audit   'caching-transform': [ '4.0.0' ],
43 silly audit   camelcase: [ '5.3.1', '6.3.0' ],
43 silly audit   'caniuse-lite': [ '1.0.30001312' ],
43 silly audit   chai: [ '4.2.0' ],
43 silly audit   'check-error': [ '1.0.2' ],
43 silly audit   chokidar: [ '3.5.3' ],
43 silly audit   'clean-stack': [ '2.2.0' ],
43 silly audit   cliui: [ '7.0.4', '6.0.0' ],
43 silly audit   'combined-stream': [ '1.0.8' ],
43 silly audit   commondir: [ '1.0.1' ],
43 silly audit   'component-emitter': [ '1.3.0' ],
43 silly audit   'concat-map': [ '0.0.1' ],
43 silly audit   'content-disposition': [ '0.5.3' ],
43 silly audit   'content-type': [ '1.0.4' ],
43 silly audit   'convert-source-map': [ '1.8.0' ],
43 silly audit   cookie: [ '0.4.0' ],
43 silly audit   'cookie-signature': [ '1.0.6' ],
43 silly audit   cookiejar: [ '2.1.2' ],
43 silly audit   'core-util-is': [ '1.0.2' ],
43 silly audit   'cross-spawn': [ '7.0.3' ],
43 silly audit   decamelize: [ '1.2.0', '4.0.0' ],
43 silly audit   'deep-eql': [ '3.0.1' ],
43 silly audit   'default-require-extensions': [ '3.0.0' ],
43 silly audit   'delayed-stream': [ '1.0.0' ],
43 silly audit   depd: [ '1.1.2' ],
43 silly audit   destroy: [ '1.0.4' ],
43 silly audit   diff: [ '5.0.0' ],
43 silly audit   duplexify: [ '4.1.1' ],
43 silly audit   'readable-stream': [ '3.6.0', '2.3.6' ],
43 silly audit   'ecdsa-sig-formatter': [ '1.0.11' ],
43 silly audit   'ee-first': [ '1.1.1' ],
43 silly audit   'electron-to-chromium': [ '1.4.75' ],
43 silly audit   'emoji-regex': [ '8.0.0' ],
43 silly audit   encodeurl: [ '1.0.2' ],
43 silly audit   'end-of-stream': [ '1.4.1' ],
43 silly audit   'es6-error': [ '4.1.1' ],
43 silly audit   escalade: [ '3.1.1' ],
43 silly audit   'escape-html': [ '1.0.3' ],
43 silly audit   esprima: [ '4.0.1' ],
43 silly audit   etag: [ '1.8.1' ],
43 silly audit   'event-target-shim': [ '5.0.1' ],
43 silly audit   express: [ '4.17.1' ],
43 silly audit   extend: [ '3.0.2' ],
43 silly audit   'fast-deep-equal': [ '3.1.3' ],
43 silly audit   'fast-text-encoding': [ '1.0.3' ],
43 silly audit   'fill-range': [ '7.0.1' ],
43 silly audit   finalhandler: [ '1.1.2' ],
43 silly audit   'find-cache-dir': [ '3.3.2' ],
43 silly audit   flat: [ '5.0.2' ],
43 silly audit   'foreground-child': [ '2.0.0' ],
43 silly audit   'form-data': [ '2.5.0' ],
43 silly audit   formidable: [ '1.2.1' ],
43 silly audit   forwarded: [ '0.1.2' ],
43 silly audit   fresh: [ '0.5.2' ],
43 silly audit   fromentries: [ '1.3.2' ],
43 silly audit   'fs.realpath': [ '1.0.0' ],
43 silly audit   fsevents: [ '2.3.2' ],
43 silly audit   'functional-red-black-tree': [ '1.0.1' ],
43 silly audit   gaxios: [ '4.1.0' ],
43 silly audit   'gcp-metadata': [ '4.2.1' ],
43 silly audit   gensync: [ '1.0.0-beta.2' ],
43 silly audit   'get-caller-file': [ '2.0.5' ],
43 silly audit   'get-func-name': [ '2.0.0' ],
43 silly audit   'get-package-type': [ '0.1.0' ],
43 silly audit   glob: [ '7.2.0' ],
43 silly audit   'glob-parent': [ '5.1.2' ],
43 silly audit   globals: [ '11.12.0' ],
43 silly audit   'google-auth-library': [ '6.1.4' ],
43 silly audit   'lru-cache': [ '6.0.0' ],
43 silly audit   yallist: [ '4.0.0' ],
43 silly audit   'google-gax': [ '2.10.0' ],
43 silly audit   'google-p12-pem': [ '3.1.3' ],
43 silly audit   'graceful-fs': [ '4.2.9' ],
43 silly audit   growl: [ '1.10.5' ],
43 silly audit   gtoken: [ '5.1.0' ],
43 silly audit   mime: [ '2.4.7', '1.6.0' ],
43 silly audit   hasha: [ '5.2.2' ],
43 silly audit   he: [ '1.2.0' ],
43 silly audit   'html-escaper': [ '2.0.2' ],
43 silly audit   'http-errors': [ '1.7.2' ],
43 silly audit   'https-proxy-agent': [ '5.0.0' ],
43 silly audit   'iconv-lite': [ '0.4.24' ],
43 silly audit   imurmurhash: [ '0.1.4' ],
43 silly audit   'indent-string': [ '4.0.0' ],
43 silly audit   inflight: [ '1.0.6' ],
43 silly audit   inherits: [ '2.0.3' ],
43 silly audit   'ipaddr.js': [ '1.9.0' ],
43 silly audit   'is-binary-path': [ '2.1.0' ],
43 silly audit   'is-extglob': [ '2.1.1' ],
43 silly audit   'is-fullwidth-code-point': [ '3.0.0' ],
43 silly audit   'is-glob': [ '4.0.3' ],
43 silly audit   'is-number': [ '7.0.0' ],
43 silly audit   'is-plain-obj': [ '2.1.0' ],
43 silly audit   'is-stream': [ '2.0.1' ],
43 silly audit   'is-stream-ended': [ '0.1.4' ],
43 silly audit   'is-typedarray': [ '1.0.0' ],
43 silly audit   'is-unicode-supported': [ '0.1.0' ],
43 silly audit   'is-windows': [ '1.0.2' ],
43 silly audit   isarray: [ '1.0.0' ],
43 silly audit   isexe: [ '2.0.0' ],
43 silly audit   'istanbul-lib-coverage': [ '3.2.0' ],
43 silly audit   'istanbul-lib-hook': [ '3.0.0' ],
43 silly audit   'istanbul-lib-instrument': [ '4.0.3' ],
43 silly audit   'istanbul-lib-processinfo': [ '2.0.2' ],
43 silly audit   'istanbul-lib-report': [ '3.0.0' ],
43 silly audit   'istanbul-lib-source-maps': [ '4.0.1' ],
43 silly audit   'source-map': [ '0.6.1', '0.5.7' ],
43 silly audit   'istanbul-reports': [ '3.1.4' ],
43 silly audit   'js-tokens': [ '4.0.0' ],
43 silly audit   jsesc: [ '2.5.2' ],
43 silly audit   'json-bigint': [ '1.0.0' ],
43 silly audit   json5: [ '2.2.0' ],
43 silly audit   jwa: [ '2.0.0' ],
43 silly audit   jws: [ '4.0.0' ],
43 silly audit   'lodash.camelcase': [ '4.3.0' ],
43 silly audit   'lodash.flattendeep': [ '4.4.0' ],
43 silly audit   'log-symbols': [ '4.1.0' ],
43 silly audit   long: [ '4.0.0' ],
43 silly audit   'make-dir': [ '3.1.0' ],
43 silly audit   'media-typer': [ '0.3.0' ],
43 silly audit   'merge-descriptors': [ '1.0.1' ],
43 silly audit   methods: [ '1.1.2' ],
43 silly audit   'mime-db': [ '1.40.0' ],
43 silly audit   'mime-types': [ '2.1.24' ],
43 silly audit   minimatch: [ '3.0.4' ],
43 silly audit   minimist: [ '1.2.5' ],
43 silly audit   mocha: [ '9.2.1' ],
43 silly audit   nanoid: [ '3.2.0' ],
43 silly audit   negotiator: [ '0.6.2' ],
43 silly audit   'node-fetch': [ '2.6.7' ],
43 silly audit   'node-forge': [ '1.2.1' ],
43 silly audit   'node-preload': [ '0.2.1' ],
43 silly audit   'node-releases': [ '2.0.2' ],
43 silly audit   'normalize-path': [ '3.0.0' ],
43 silly audit   nyc: [ '15.1.0' ],
43 silly audit   'wrap-ansi': [ '6.2.0', '7.0.0' ],
43 silly audit   y18n: [ '4.0.3', '5.0.8' ],
43 silly audit   yargs: [ '15.4.1', '16.2.0' ],
43 silly audit   'yargs-parser': [ '18.1.3', '20.2.4' ],
43 silly audit   'on-finished': [ '2.3.0' ],
43 silly audit   once: [ '1.4.0' ],
43 silly audit   'p-map': [ '3.0.0' ],
43 silly audit   'p-try': [ '2.2.0' ],
43 silly audit   'package-hash': [ '4.0.0' ],
43 silly audit   parseurl: [ '1.3.3' ],
43 silly audit   'path-exists': [ '4.0.0' ],
43 silly audit   'path-is-absolute': [ '1.0.1' ],
43 silly audit   'path-key': [ '3.1.1' ],
43 silly audit   'path-to-regexp': [ '0.1.7' ],
43 silly audit   pathval: [ '1.1.1' ],
43 silly audit   picocolors: [ '1.0.0' ],
43 silly audit   picomatch: [ '2.3.1' ],
43 silly audit   'pkg-dir': [ '4.2.0' ],
43 silly audit   'process-nextick-args': [ '2.0.1' ],
43 silly audit   'process-on-spawn': [ '1.0.0' ],
43 silly audit   protobufjs: [ '6.10.2' ],
43 silly audit   'proxy-addr': [ '2.0.5' ],
43 silly audit   qs: [ '6.7.0' ],
43 silly audit   randombytes: [ '2.1.0' ],
43 silly audit   'range-parser': [ '1.2.1' ],
43 silly audit   'raw-body': [ '2.4.0' ],
43 silly audit   readdirp: [ '3.6.0' ],
43 silly audit   'release-zalgo': [ '1.0.0' ],
43 silly audit   'require-directory': [ '2.1.1' ],
43 silly audit   'require-main-filename': [ '2.0.0' ],
43 silly audit   'resolve-from': [ '5.0.0' ],
43 silly audit   'retry-request': [ '4.1.3' ],
43 silly audit   rimraf: [ '3.0.2' ],
43 silly audit   'safe-buffer': [ '5.1.2' ],
43 silly audit   'safer-buffer': [ '2.1.2' ],
43 silly audit   semver: [ '6.3.0' ],
43 silly audit   send: [ '0.17.1' ],
43 silly audit   'serialize-javascript': [ '6.0.0' ],
43 silly audit   'serve-static': [ '1.14.1' ],
43 silly audit   'set-blocking': [ '2.0.0' ],
43 silly audit   setprototypeof: [ '1.1.1' ],
43 silly audit   'shebang-command': [ '2.0.0' ],
43 silly audit   'shebang-regex': [ '3.0.0' ],
43 silly audit   'signal-exit': [ '3.0.7' ],
43 silly audit   'spawn-wrap': [ '2.0.0' ],
43 silly audit   'sprintf-js': [ '1.0.3' ],
43 silly audit   statuses: [ '1.5.0' ],
43 silly audit   'stream-shift': [ '1.0.1' ],
43 silly audit   string_decoder: [ '1.1.1' ],
43 silly audit   'string-width': [ '4.2.3' ],
43 silly audit   'strip-ansi': [ '6.0.1' ],
43 silly audit   'strip-bom': [ '4.0.0' ],
43 silly audit   'strip-json-comments': [ '3.1.1' ],
43 silly audit   superagent: [ '3.8.3' ],
43 silly audit   supertest: [ '4.0.2' ],
43 silly audit   'test-exclude': [ '6.0.0' ],
43 silly audit   'to-fast-properties': [ '2.0.0' ],
43 silly audit   'to-regex-range': [ '5.0.1' ],
43 silly audit   toidentifier: [ '1.0.0' ],
43 silly audit   tr46: [ '0.0.3' ],
43 silly audit   'type-detect': [ '4.0.8' ],
43 silly audit   'type-fest': [ '0.8.1' ],
43 silly audit   'type-is': [ '1.6.18' ],
43 silly audit   'typedarray-to-buffer': [ '3.1.5' ],
43 silly audit   unpipe: [ '1.0.0' ],
43 silly audit   'util-deprecate': [ '1.0.2' ],
43 silly audit   'utils-merge': [ '1.0.1' ],
43 silly audit   uuid: [ '3.4.0' ],
43 silly audit   vary: [ '1.1.2' ],
43 silly audit   'webidl-conversions': [ '3.0.1' ],
43 silly audit   'whatwg-url': [ '5.0.0' ],
43 silly audit   which: [ '2.0.2' ],
43 silly audit   'which-module': [ '2.0.0' ],
43 silly audit   workerpool: [ '6.2.0' ],
43 silly audit   wrappy: [ '1.0.2' ],
43 silly audit   'write-file-atomic': [ '3.0.3' ],
43 silly audit   'yargs-unparser': [ '2.0.0' ],
43 silly audit   'yocto-queue': [ '0.1.0' ]
43 silly audit }
44 verbose reify failed optional dependency /home/user222/sample-Firestore/internal/node_modules/fsevents
45 silly reify mark deleted [ '/home/user222/sample-Firestore/internal/node_modules/fsevents' ]
46 timing reifyNode:node_modules/fsevents Completed in 26ms
47 timing reify:unpack Completed in 27ms
48 timing reify:unretire Completed in 0ms
49 timing build:queue Completed in 4ms
50 timing build:deps Completed in 4ms
51 timing build Completed in 4ms
52 timing reify:build Completed in 4ms
53 timing reify:trash Completed in 2ms
54 timing reify:save Completed in 91ms
55 http fetch POST 200 https://registry.npmjs.org/-/npm/v1/security/advisories/bulk 323ms
56 timing auditReport:getReport Completed in 331ms
57 silly audit report {
57 silly audit report   'node-forge': [
57 silly audit report     {
57 silly audit report       id: 1067278,
57 silly audit report       url: 'https://github.com/advisories/GHSA-2r2c-g63r-vccr',
57 silly audit report       title: 'Improper Verification of Cryptographic Signature in `node-forge`',
57 silly audit report       severity: 'moderate',
57 silly audit report       vulnerable_versions: '<1.3.0',
57 silly audit report       cwe: [Array],
57 silly audit report       cvss: [Object]
57 silly audit report     },
57 silly audit report     {
57 silly audit report       id: 1067279,
57 silly audit report       url: 'https://github.com/advisories/GHSA-x4jg-mjrx-434g',
57 silly audit report       title: 'Improper Verification of Cryptographic Signature in `node-forge`',
57 silly audit report       severity: 'high',
57 silly audit report       vulnerable_versions: '<1.3.0',
57 silly audit report       cwe: [Array],
57 silly audit report       cvss: [Object]
57 silly audit report     },
57 silly audit report     {
57 silly audit report       id: 1067280,
57 silly audit report       url: 'https://github.com/advisories/GHSA-cfm4-qjh2-4765',
57 silly audit report       title: 'Improper Verification of Cryptographic Signature in node-forge',
57 silly audit report       severity: 'high',
57 silly audit report       vulnerable_versions: '<1.3.0',
57 silly audit report       cwe: [Array],
57 silly audit report       cvss: [Object]
57 silly audit report     }
57 silly audit report   ],
57 silly audit report   minimist: [
57 silly audit report     {
57 silly audit report       id: 1067285,
57 silly audit report       url: 'https://github.com/advisories/GHSA-xvch-5gv4-984h',
57 silly audit report       title: 'Prototype Pollution in minimist',
57 silly audit report       severity: 'high',
57 silly audit report       vulnerable_versions: '<=1.2.5',
57 silly audit report       cwe: [Array],
57 silly audit report       cvss: [Object]
57 silly audit report     }
57 silly audit report   ]
57 silly audit report }
58 timing metavuln:cache:get:security-advisory:node-forge:FA5dVSxjV2PzTiEW5FspsgiErmOSHez3tbThqjAtyGJFkDx6iePwtToZQW6LsXtaCCGyrNjC1YUYx/WPA2VhAw== Completed in 66ms
59 timing metavuln:cache:get:security-advisory:node-forge:eTHlzDL+UVScP3jm/mW+/tHb/N7RDPfRKPKM+bTWr2hfRIP7VvxvFKUx+aYnarAiHwkYDfsiYEYgA6XM7SR+Ow== Completed in 69ms
60 timing metavuln:cache:get:security-advisory:minimist:NONASLfTlNcgULjH53Tn+JdSwkDfAcT56bpR8UbPKBiojsS1f+8i1JfsZ7SBgAmGH7JMe21CAsGgVFqGoNwK3Q== Completed in 74ms
61 timing metavuln:cache:get:security-advisory:node-forge:cd03itj1xNgaqpZlkM3DSYPBZqfVQBqg44ISfvIYeU1zQDpte4SZ1r6T3JMM6GRDWqzyc1vACvbqkfYaPRXelQ== Completed in 77ms
62 http fetch GET 200 https://registry.npmjs.org/node-forge 145ms (cache revalidated)
63 timing metavuln:packument:node-forge Completed in 149ms
64 timing metavuln:load:security-advisory:node-forge:1067278 Completed in 3ms
65 timing metavuln:calculate:security-advisory:node-forge:1067278 Completed in 153ms
66 timing metavuln:load:security-advisory:node-forge:1067279 Completed in 2ms
67 timing metavuln:calculate:security-advisory:node-forge:1067279 Completed in 154ms
68 timing metavuln:load:security-advisory:node-forge:1067280 Completed in 16ms
69 timing metavuln:calculate:security-advisory:node-forge:1067280 Completed in 170ms
70 http fetch GET 200 https://registry.npmjs.org/minimist 197ms (cache revalidated)
71 timing metavuln:packument:minimist Completed in 197ms
72 timing metavuln:load:security-advisory:minimist:1067285 Completed in 1ms
73 timing metavuln:calculate:security-advisory:minimist:1067285 Completed in 198ms
74 timing metavuln:cache:get:security-advisory:google-p12-pem:7hE/aXR/JzwiYeGGYsko9nDngEAK+P3Ut/7yUn6GJiihquI4Qgb+xN/jL9FA6zazs1QV7y57Tb9ngxq16Qc6Ig== Completed in 27ms
75 http fetch GET 200 https://registry.npmjs.org/google-p12-pem 68ms (cache revalidated)
76 timing metavuln:packument:google-p12-pem Completed in 70ms
77 timing metavuln:load:security-advisory:google-p12-pem:eTHlzDL+UVScP3jm/mW+/tHb/N7RDPfRKPKM+bTWr2hfRIP7VvxvFKUx+aYnarAiHwkYDfsiYEYgA6XM7SR+Ow== Completed in 0ms
78 timing metavuln:calculate:security-advisory:google-p12-pem:eTHlzDL+UVScP3jm/mW+/tHb/N7RDPfRKPKM+bTWr2hfRIP7VvxvFKUx+aYnarAiHwkYDfsiYEYgA6XM7SR+Ow== Completed in 70ms
79 timing metavuln:cache:get:security-advisory:json5:LvW6V3zqjjNw8DI5qWtY3hia5a5P22nLD0LTNdvyi9ejGpqq6/Asphu8rB7YaK6Viatycdmx5vAWGwbO8OdfrQ== Completed in 47ms
80 http fetch GET 200 https://registry.npmjs.org/json5 63ms (cache revalidated)
81 timing metavuln:packument:json5 Completed in 65ms
82 timing metavuln:load:security-advisory:json5:NONASLfTlNcgULjH53Tn+JdSwkDfAcT56bpR8UbPKBiojsS1f+8i1JfsZ7SBgAmGH7JMe21CAsGgVFqGoNwK3Q== Completed in 4ms
83 timing metavuln:calculate:security-advisory:json5:NONASLfTlNcgULjH53Tn+JdSwkDfAcT56bpR8UbPKBiojsS1f+8i1JfsZ7SBgAmGH7JMe21CAsGgVFqGoNwK3Q== Completed in 69ms
84 timing auditReport:init Completed in 343ms
85 timing reify:audit Completed in 674ms
86 timing reify Completed in 1235ms
87 silly ADD
88 timing command:install Completed in 1254ms
89 verbose exit 0
90 timing npm Completed in 1662ms
91 info ok
